#-----------------------------------------------------------
# Vivado v2017.2 (64-bit)
# SW Build 1909853 on Thu Jun 15 18:39:09 MDT 2017
# IP Build 1909766 on Thu Jun 15 19:58:00 MDT 2017
# Start of session at: Sat Dec  9 13:19:03 2017
# Process ID: 864
# Current directory: D:/Documents/Bilkent/Year 2 Semester 1/CS223/Project/Project_files/Example_Project_01/keypad_7seg/keypadExample
# Command line: vivado.exe -gui_launcher_event rodinguilauncherevent8352 D:\Documents\Bilkent\Year 2 Semester 1\CS223\Project\Project_files\Example_Project_01\keypad_7seg\keypadExample\keypadExample.xpr
# Log file: D:/Documents/Bilkent/Year 2 Semester 1/CS223/Project/Project_files/Example_Project_01/keypad_7seg/keypadExample/vivado.log
# Journal file: D:/Documents/Bilkent/Year 2 Semester 1/CS223/Project/Project_files/Example_Project_01/keypad_7seg/keypadExample\vivado.jou
#-----------------------------------------------------------
start_gui
open_project {D:/Documents/Bilkent/Year 2 Semester 1/CS223/Project/Project_files/Example_Project_01/keypad_7seg/keypadExample/keypadExample.xpr}
INFO: [ProjectBase 1-489] The host OS only allows 260 characters in a normal path. The project is stored in a path with more than 80 characters. If you experience issues with IP, Block Designs, or files not being found, please consider moving the project to a location with a shorter path. Alternately consider using the OS subst command to map part of the path to a drive letter.
Current project path is 'D:/Documents/Bilkent/Year 2 Semester 1/CS223/Project/Project_files/Example_Project_01/keypad_7seg/keypadExample'
Scanning sources...
Finished scanning sources
INFO: [IP_Flow 19-234] Refreshing IP repositories
INFO: [IP_Flow 19-1704] No user IP repositories specified
INFO: [IP_Flow 19-2313] Loaded Vivado IP repository 'D:/Xilinx/Vivado/2017.2/data/ip'.
update_compile_order -fileset sources_1
exit
INFO: [Common 17-206] Exiting Vivado at Sat Dec  9 13:57:51 2017...
