#-----------------------------------------------------------
# Vivado v2017.2 (64-bit)
# SW Build 1909853 on Thu Jun 15 18:39:09 MDT 2017
# IP Build 1909766 on Thu Jun 15 19:58:00 MDT 2017
# Start of session at: Sat Dec  9 13:34:57 2017
# Process ID: 3528
# Current directory: D:/Documents/Bilkent/Year 2 Semester 1/CS223/Project/Project_files/Example_Project_02/steppermotor
# Command line: vivado.exe -gui_launcher_event rodinguilauncherevent1916 D:\Documents\Bilkent\Year 2 Semester 1\CS223\Project\Project_files\Example_Project_02\steppermotor\stepmotor.xpr
# Log file: D:/Documents/Bilkent/Year 2 Semester 1/CS223/Project/Project_files/Example_Project_02/steppermotor/vivado.log
# Journal file: D:/Documents/Bilkent/Year 2 Semester 1/CS223/Project/Project_files/Example_Project_02/steppermotor\vivado.jou
#-----------------------------------------------------------
start_gui
open_project {D:/Documents/Bilkent/Year 2 Semester 1/CS223/Project/Project_files/Example_Project_02/steppermotor/stepmotor.xpr}
INFO: [ProjectBase 1-489] The host OS only allows 260 characters in a normal path. The project is stored in a path with more than 80 characters. If you experience issues with IP, Block Designs, or files not being found, please consider moving the project to a location with a shorter path. Alternately consider using the OS subst command to map part of the path to a drive letter.
Current project path is 'D:/Documents/Bilkent/Year 2 Semester 1/CS223/Project/Project_files/Example_Project_02/steppermotor'
INFO: [Project 1-313] Project file moved from 'C:/Users/hamze/Dropbox/Academic/Courses/Bilkent_TA_Digital_Design_CS223/2017 Fall/Labs/Final_project/Example_Project_02/steppermotor' since last save.
Scanning sources...
Finished scanning sources
CRITICAL WARNING: [Project 1-505] Unrecognized Option Name CompiledLibDirXcelium
CRITICAL WARNING: [Project 1-505] Unrecognized Option Name SimTypes
WARNING: [Project 1-231] Project 'stepmotor.xpr' was created with a future version and may or may not perform reliably with this version of Vivado. It has been opened in read-only mode for the protection of unrecognized data. Use 'File | Save Project As...' if you wish to alter a copy of the project.
INFO: [IP_Flow 19-234] Refreshing IP repositories
INFO: [IP_Flow 19-1704] No user IP repositories specified
INFO: [IP_Flow 19-2313] Loaded Vivado IP repository 'D:/Xilinx/Vivado/2017.2/data/ip'.
update_compile_order -fileset sources_1
exit
INFO: [Common 17-206] Exiting Vivado at Sat Dec  9 13:57:52 2017...
